<?xml version="1.0" encoding="UTF-8"?>
<testsuite xmlns:xsi="http://www.w3.org/2001/XMLSchema-instance" xsi:noNamespaceSchemaLocation="https://maven.apache.org/surefire/maven-surefire-plugin/xsd/surefire-test-report.xsd" name="com.infosys.ordermanagement.OrdermanagementApplicationTests" time="1.656" tests="1" errors="1" skipped="0" failures="0">
  <properties>
[...]
</properties>
  <testcase name="com.infosys.ordermanagement.OrdermanagementApplicationTests" classname="com.infosys.ordermanagement.OrdermanagementApplicationTests" time="1.652">
    <error message="Unable to find a @SpringBootConfiguration, you need to use @ContextConfiguration or @SpringBootTest(classes=...) with your test" type="java.lang.IllegalStateException">java.lang.IllegalStateException: Unable to find a @SpringBootConfiguration, you need to use @ContextConfiguration or @SpringBootTest(classes=...) with your test
</error>
    <system-out><![CDATA[12:55:37.277 [main] DEBUG org.springframework.test.context.BootstrapUtils - Instantiating CacheAwareContextLoaderDelegate from class [org.springframework.test.context.cache.DefaultCacheAwareContextLoaderDelegate]
12:55:37.342 [main] DEBUG org.springframework.test.context.BootstrapUtils - Instantiating BootstrapContext using constructor [public org.springframework.test.context.support.DefaultBootstrapContext(java.lang.Class,org.springframework.test.context.CacheAwareContextLoaderDelegate)]
12:55:37.489 [main] DEBUG org.springframework.test.context.BootstrapUtils - Instantiating TestContextBootstrapper for test class [com.infosys.ordermanagement.OrdermanagementApplicationTests] from class [org.springframework.boot.test.context.SpringBootTestContextBootstrapper]
12:55:37.593 [main] INFO org.springframework.boot.test.context.SpringBootTestContextBootstrapper - Neither @ContextConfiguration nor @ContextHierarchy found for test class [com.infosys.ordermanagement.OrdermanagementApplicationTests], using SpringBootContextLoader
12:55:37.634 [main] DEBUG org.springframework.test.context.support.AbstractContextLoader - Did not detect default resource location for test class [com.infosys.ordermanagement.OrdermanagementApplicationTests]: class path resource [com/infosys/ordermanagement/OrdermanagementApplicationTests-context.xml] does not exist
12:55:37.636 [main] DEBUG org.springframework.test.context.support.AbstractContextLoader - Did not detect default resource location for test class [com.infosys.ordermanagement.OrdermanagementApplicationTests]: class path resource [com/infosys/ordermanagement/OrdermanagementApplicationTestsContext.groovy] does not exist
12:55:37.637 [main] INFO org.springframework.test.context.support.AbstractContextLoader - Could not detect default resource locations for test class [com.infosys.ordermanagement.OrdermanagementApplicationTests]: no resource found for suffixes {-context.xml, Context.groovy}.
12:55:37.639 [main] INFO org.springframework.test.context.support.AnnotationConfigContextLoaderUtils - Could not detect default configuration classes for test class [com.infosys.ordermanagement.OrdermanagementApplicationTests]: OrdermanagementApplicationTests does not declare any static, non-private, non-final, nested classes annotated with @Configuration.
12:55:37.855 [main] DEBUG org.springframework.test.context.support.ActiveProfilesUtils - Could not find an 'annotation declaring class' for annotation type [org.springframework.test.context.ActiveProfiles] and class [com.infosys.ordermanagement.OrdermanagementApplicationTests]
12:55:38.143 [main] DEBUG org.springframework.test.context.BootstrapUtils - Instantiating CacheAwareContextLoaderDelegate from class [org.springframework.test.context.cache.DefaultCacheAwareContextLoaderDelegate]
12:55:38.143 [main] DEBUG org.springframework.test.context.BootstrapUtils - Instantiating BootstrapContext using constructor [public org.springframework.test.context.support.DefaultBootstrapContext(java.lang.Class,org.springframework.test.context.CacheAwareContextLoaderDelegate)]
12:55:38.144 [main] DEBUG org.springframework.test.context.BootstrapUtils - Instantiating TestContextBootstrapper for test class [com.infosys.ordermanagement.OrdermanagementApplicationTests] from class [org.springframework.boot.test.context.SpringBootTestContextBootstrapper]
12:55:38.146 [main] INFO org.springframework.boot.test.context.SpringBootTestContextBootstrapper - Neither @ContextConfiguration nor @ContextHierarchy found for test class [com.infosys.ordermanagement.OrdermanagementApplicationTests], using SpringBootContextLoader
12:55:38.147 [main] DEBUG org.springframework.test.context.support.AbstractContextLoader - Did not detect default resource location for test class [com.infosys.ordermanagement.OrdermanagementApplicationTests]: class path resource [com/infosys/ordermanagement/OrdermanagementApplicationTests-context.xml] does not exist
12:55:38.148 [main] DEBUG org.springframework.test.context.support.AbstractContextLoader - Did not detect default resource location for test class [com.infosys.ordermanagement.OrdermanagementApplicationTests]: class path resource [com/infosys/ordermanagement/OrdermanagementApplicationTestsContext.groovy] does not exist
12:55:38.149 [main] INFO org.springframework.test.context.support.AbstractContextLoader - Could not detect default resource locations for test class [com.infosys.ordermanagement.OrdermanagementApplicationTests]: no resource found for suffixes {-context.xml, Context.groovy}.
12:55:38.150 [main] INFO org.springframework.test.context.support.AnnotationConfigContextLoaderUtils - Could not detect default configuration classes for test class [com.infosys.ordermanagement.OrdermanagementApplicationTests]: OrdermanagementApplicationTests does not declare any static, non-private, non-final, nested classes annotated with @Configuration.
12:55:38.156 [main] DEBUG org.springframework.test.context.support.ActiveProfilesUtils - Could not find an 'annotation declaring class' for annotation type [org.springframework.test.context.ActiveProfiles] and class [com.infosys.ordermanagement.OrdermanagementApplicationTests]
12:55:38.261 [main] DEBUG org.springframework.test.context.BootstrapUtils - Instantiating CacheAwareContextLoaderDelegate from class [org.springframework.test.context.cache.DefaultCacheAwareContextLoaderDelegate]
12:55:38.262 [main] DEBUG org.springframework.test.context.BootstrapUtils - Instantiating BootstrapContext using constructor [public org.springframework.test.context.support.DefaultBootstrapContext(java.lang.Class,org.springframework.test.context.CacheAwareContextLoaderDelegate)]
12:55:38.263 [main] DEBUG org.springframework.test.context.BootstrapUtils - Instantiating TestContextBootstrapper for test class [com.infosys.ordermanagement.OrdermanagementApplicationTests] from class [org.springframework.boot.test.context.SpringBootTestContextBootstrapper]
12:55:38.269 [main] INFO org.springframework.boot.test.context.SpringBootTestContextBootstrapper - Neither @ContextConfiguration nor @ContextHierarchy found for test class [com.infosys.ordermanagement.OrdermanagementApplicationTests], using SpringBootContextLoader
12:55:38.270 [main] DEBUG org.springframework.test.context.support.AbstractContextLoader - Did not detect default resource location for test class [com.infosys.ordermanagement.OrdermanagementApplicationTests]: class path resource [com/infosys/ordermanagement/OrdermanagementApplicationTests-context.xml] does not exist
12:55:38.271 [main] DEBUG org.springframework.test.context.support.AbstractContextLoader - Did not detect default resource location for test class [com.infosys.ordermanagement.OrdermanagementApplicationTests]: class path resource [com/infosys/ordermanagement/OrdermanagementApplicationTestsContext.groovy] does not exist
12:55:38.272 [main] INFO org.springframework.test.context.support.AbstractContextLoader - Could not detect default resource locations for test class [com.infosys.ordermanagement.OrdermanagementApplicationTests]: no resource found for suffixes {-context.xml, Context.groovy}.
12:55:38.273 [main] INFO org.springframework.test.context.support.AnnotationConfigContextLoaderUtils - Could not detect default configuration classes for test class [com.infosys.ordermanagement.OrdermanagementApplicationTests]: OrdermanagementApplicationTests does not declare any static, non-private, non-final, nested classes annotated with @Configuration.
12:55:38.278 [main] DEBUG org.springframework.test.context.support.ActiveProfilesUtils - Could not find an 'annotation declaring class' for annotation type [org.springframework.test.context.ActiveProfiles] and class [com.infosys.ordermanagement.OrdermanagementApplicationTests]
]]></system-out>
  </testcase>
</testsuite>